<?xml version="1.0" encoding="UTF-8"?>
<testng-results ignored="0" total="1" passed="1" failed="0" skipped="0">
  <reporter-output>
  </reporter-output>
  <suite started-at="2024-11-19T08:27:04 IST" name="Suite" finished-at="2024-11-19T08:27:37 IST" duration-ms="32555">
    <groups>
    </groups>
    <test started-at="2024-11-19T08:27:04 IST" name="Test" finished-at="2024-11-19T08:27:37 IST" duration-ms="32555">
      <class name="com.ShoppersStack_TestScripts.TC_001_Verify_user_is_able_to_addAddress_or_not_Test">
        <test-method is-config="true" signature="beforeSuite()[pri:0, instance:com.ShoppersStack_TestScripts.TC_001_Verify_user_is_able_to_addAddress_or_not_Test@3b69e7d1]" started-at="2024-11-19T08:27:04 IST" name="beforeSuite" finished-at="2024-11-19T08:27:04 IST" duration-ms="8" status="PASS">
          <reporter-output>
          </reporter-output>
        </test-method> <!-- beforeSuite -->
        <test-method is-config="true" signature="beforeTest()[pri:0, instance:com.ShoppersStack_TestScripts.TC_001_Verify_user_is_able_to_addAddress_or_not_Test@3b69e7d1]" started-at="2024-11-19T08:27:04 IST" name="beforeTest" finished-at="2024-11-19T08:27:05 IST" duration-ms="238" status="PASS">
          <reporter-output>
          </reporter-output>
        </test-method> <!-- beforeTest -->
        <test-method is-config="true" signature="beforeClass()[pri:0, instance:com.ShoppersStack_TestScripts.TC_001_Verify_user_is_able_to_addAddress_or_not_Test@3b69e7d1]" started-at="2024-11-19T08:27:05 IST" name="beforeClass" finished-at="2024-11-19T08:27:10 IST" duration-ms="5517" status="PASS">
          <reporter-output>
          </reporter-output>
        </test-method> <!-- beforeClass -->
        <test-method is-config="true" signature="beforeMethod()[pri:0, instance:com.ShoppersStack_TestScripts.TC_001_Verify_user_is_able_to_addAddress_or_not_Test@3b69e7d1]" started-at="2024-11-19T08:27:10 IST" name="beforeMethod" finished-at="2024-11-19T08:27:18 IST" duration-ms="8065" status="PASS">
          <reporter-output>
          </reporter-output>
        </test-method> <!-- beforeMethod -->
        <test-method signature="addAddress()[pri:0, instance:com.ShoppersStack_TestScripts.TC_001_Verify_user_is_able_to_addAddress_or_not_Test@3b69e7d1]" started-at="2024-11-19T08:27:18 IST" name="addAddress" finished-at="2024-11-19T08:27:32 IST" duration-ms="14253" status="PASS">
          <reporter-output>
          </reporter-output>
        </test-method> <!-- addAddress -->
        <test-method is-config="true" signature="afterMethod()[pri:0, instance:com.ShoppersStack_TestScripts.TC_001_Verify_user_is_able_to_addAddress_or_not_Test@3b69e7d1]" started-at="2024-11-19T08:27:32 IST" name="afterMethod" finished-at="2024-11-19T08:27:33 IST" duration-ms="510" status="PASS">
          <reporter-output>
          </reporter-output>
        </test-method> <!-- afterMethod -->
        <test-method is-config="true" signature="afterClass()[pri:0, instance:com.ShoppersStack_TestScripts.TC_001_Verify_user_is_able_to_addAddress_or_not_Test@3b69e7d1]" started-at="2024-11-19T08:27:33 IST" name="afterClass" finished-at="2024-11-19T08:27:36 IST" duration-ms="3407" status="PASS">
          <reporter-output>
          </reporter-output>
        </test-method> <!-- afterClass -->
        <test-method is-config="true" signature="afterTest()[pri:0, instance:com.ShoppersStack_TestScripts.TC_001_Verify_user_is_able_to_addAddress_or_not_Test@3b69e7d1]" started-at="2024-11-19T08:27:36 IST" name="afterTest" finished-at="2024-11-19T08:27:37 IST" duration-ms="511" status="PASS">
          <reporter-output>
          </reporter-output>
        </test-method> <!-- afterTest -->
        <test-method is-config="true" signature="afterSuite()[pri:0, instance:com.ShoppersStack_TestScripts.TC_001_Verify_user_is_able_to_addAddress_or_not_Test@3b69e7d1]" started-at="2024-11-19T08:27:37 IST" name="afterSuite" finished-at="2024-11-19T08:27:37 IST" duration-ms="2" status="PASS">
          <reporter-output>
          </reporter-output>
        </test-method> <!-- afterSuite -->
      </class> <!-- com.ShoppersStack_TestScripts.TC_001_Verify_user_is_able_to_addAddress_or_not_Test -->
    </test> <!-- Test -->
  </suite> <!-- Suite -->
</testng-results>
